15:17:23  INFO     Bekannte SHA256 aus vergangenen 48h: 586
15:17:23  INFO     MalwareBazaar: hole letzte 100 Samples ...
15:17:26  INFO     MB: 100 eindeutige Samples im Batch.
15:17:26  INFO     Wochen-Sample abgelaufen (7d) — rotiere auf neues Sample.
15:17:26  INFO     Neues Wochen-Sample: 8cd1408dbe57b890… (DarkMe)
15:17:26  INFO     Deduplizierung: 91 bereits bekannte SHA256 übersprungen.
15:17:26  INFO     Neu zu analysieren: 9 Samples.
15:17:26  INFO     VT: 5 Samples anreichern (4 zufällig + 1 Wochen-Sample) ...
15:17:26  INFO       [1/5] 1a365ca54dd27d2d...
15:17:27  INFO         16/75 erkannt (21.3%) — 🟡 SCHWACH ERKANNT — 16 Engines
15:17:43  INFO       [2/5] e80b2272b86a5dfc...
15:17:43  INFO         10/75 erkannt (13.3%) — 🟡 SCHWACH ERKANNT — 10 Engines
15:17:59  INFO       [3/5] bac12c7b2bc08d4d...
15:17:59  INFO         13/75 erkannt (17.3%) — 🟡 SCHWACH ERKANNT — 13 Engines
15:18:15  INFO       [4/5] 0eed7c83474a194e...
15:18:16  INFO         19/75 erkannt (25.3%) — 🟡 SCHWACH ERKANNT — 19 Engines
15:18:32  INFO       [5/5] 8cd1408dbe57b890...  ⭐ WOCHEN
15:18:32  INFO         26/75 erkannt (34.7%) — 🟡 SCHWACH ERKANNT — 26 Engines
15:18:32  INFO     Analysiere 9 neue Samples ...
15:18:32  INFO     seen_hashes.json: 595 Einträge gespeichert.
