13:19:00  INFO     Bekannte SHA256 aus vergangenen 48h: 725
13:19:00  INFO     MalwareBazaar: hole letzte 100 Samples ...
13:19:04  INFO     MB: 100 eindeutige Samples im Batch.
13:19:04  INFO     Wochen-Sample abgelaufen (7d) — rotiere auf neues Sample.
13:19:04  INFO     Neues Wochen-Sample: 6d25076b0cf8d493… (VenomRAT)
13:19:04  INFO     Deduplizierung: 37 bereits bekannte SHA256 übersprungen.
13:19:04  INFO     Neu zu analysieren: 63 Samples.
13:19:04  INFO     VT: 5 Samples anreichern (4 zufällig + 1 Wochen-Sample) ...
13:19:04  INFO       [1/5] 7409652192e4bc04...
13:19:05  INFO         25/74 erkannt (33.8%) — 🟡 SCHWACH ERKANNT — 25 Engines
13:19:21  INFO       [2/5] 2a8fa185477fb780...
13:19:22  INFO         2/74 erkannt (2.7%) — ⚠️ KAUM ERKANNT — 2 Engines
13:19:38  INFO       [3/5] d349b2a6911bb591...
13:19:38  INFO         2/74 erkannt (2.7%) — ⚠️ KAUM ERKANNT — 2 Engines
13:19:54  INFO       [4/5] be93679dad8fbde4...
13:19:54  INFO         20/74 erkannt (27.0%) — 🟡 SCHWACH ERKANNT — 20 Engines
13:20:10  INFO       [5/5] 6d25076b0cf8d493...  ⭐ WOCHEN
13:20:11  INFO         42/74 erkannt (56.8%) — 🟠 MÄSSIG ERKANNT — 42 Engines
13:20:11  INFO     Analysiere 63 neue Samples ...
13:20:11  INFO     seen_hashes.json: 788 Einträge gespeichert.
