13:02:53  INFO     Bekannte SHA256 aus vergangenen 48h: 523
13:02:53  INFO     MalwareBazaar: hole letzte 100 Samples ...
13:02:57  INFO     MB: 100 eindeutige Samples im Batch.
13:02:57  INFO     Wochen-Sample abgelaufen (7d) — rotiere auf neues Sample.
13:02:57  INFO     Neues Wochen-Sample: 5ea579e8fa695b23… (ValleyRAT)
13:02:57  INFO     Deduplizierung: 74 bereits bekannte SHA256 übersprungen.
13:02:57  INFO     Neu zu analysieren: 26 Samples.
13:02:57  INFO     VT: 5 Samples anreichern (4 zufällig + 1 Wochen-Sample) ...
13:02:57  INFO       [1/5] 9cd3d39d9d9a8a5e...
13:02:58  INFO         27/76 erkannt (35.5%) — 🟡 SCHWACH ERKANNT — 27 Engines
13:03:14  INFO       [2/5] ffad344a1fccb6df...
13:03:14  INFO         38/76 erkannt (50.0%) — 🟠 MÄSSIG ERKANNT — 38 Engines
13:03:30  INFO       [3/5] f542250ae5dc2639...
13:03:30  INFO         5/76 erkannt (6.6%) — ⚠️ KAUM ERKANNT — 5 Engines
13:03:46  INFO       [4/5] c5d959e0fa47a932...
13:03:47  INFO         6/76 erkannt (7.9%) — ⚠️ KAUM ERKANNT — 6 Engines
13:04:03  INFO       [5/5] 5ea579e8fa695b23...  ⭐ WOCHEN
13:04:04  INFO         40/76 erkannt (52.6%) — 🟠 MÄSSIG ERKANNT — 40 Engines
13:04:04  INFO     Analysiere 26 neue Samples ...
13:04:04  INFO     seen_hashes.json: 549 Einträge gespeichert.
