21:26:27  INFO     Bekannte SHA256 aus vergangenen 48h: 705
21:26:27  INFO     MalwareBazaar: hole letzte 100 Samples ...
21:26:57  WARNING  POST Versuch 1/3 fehlgeschlagen: HTTPSConnectionPool(host='mb-api.abuse.ch', port=443): Read timed out. (read timeout=30) — warte 1s
21:27:23  INFO     MB: 100 eindeutige Samples im Batch.
21:27:23  INFO     Wochen-Sample: 1a4b2bb9352969a3… (noch 4d aktiv)
21:27:23  INFO     Deduplizierung: 73 bereits bekannte SHA256 übersprungen.
21:27:23  INFO     Neu zu analysieren: 27 Samples.
21:27:23  INFO     VT: 5 Samples anreichern (4 zufällig + 1 Wochen-Sample) ...
21:27:23  INFO       [1/5] ca9b8a1113669683...
21:27:24  WARNING      kein VT-Ergebnis
21:27:40  INFO       [2/5] 761e0518edc0ffba...
21:27:40  INFO         40/73 erkannt (54.8%) — 🟠 MÄSSIG ERKANNT — 40 Engines
21:27:56  INFO       [3/5] 95a0c24f7192be97...
21:27:57  INFO         2/73 erkannt (2.7%) — ⚠️ KAUM ERKANNT — 2 Engines
21:28:13  INFO       [4/5] 43c6aa9f68a0083a...
21:28:13  INFO         42/73 erkannt (57.5%) — 🟠 MÄSSIG ERKANNT — 42 Engines
21:28:29  INFO       [5/5] 1a4b2bb9352969a3...  ⭐ WOCHEN
21:28:29  INFO         25/74 erkannt (33.8%) — 🟡 SCHWACH ERKANNT — 25 Engines
21:28:29  INFO     Analysiere 27 neue Samples ...
21:28:29  INFO     seen_hashes.json: 732 Einträge gespeichert.
