17:08:56  INFO     Bekannte SHA256 aus vergangenen 48h: 624
17:08:56  INFO     MalwareBazaar: hole letzte 100 Samples ...
17:09:00  INFO     MB: 100 eindeutige Samples im Batch.
17:09:00  INFO     Wochen-Sample abgelaufen (7d) — rotiere auf neues Sample.
17:09:00  INFO     Neues Wochen-Sample: 1a4b2bb9352969a3… (Gh0stRAT)
17:09:00  INFO     Deduplizierung: 70 bereits bekannte SHA256 übersprungen.
17:09:00  INFO     Neu zu analysieren: 30 Samples.
17:09:00  INFO     VT: 5 Samples anreichern (4 zufällig + 1 Wochen-Sample) ...
17:09:00  INFO       [1/5] 54b667fbf881692b...
17:09:00  INFO         0/74 erkannt (0.0%) — ⚠️ KAUM ERKANNT — 0 Engines
17:09:16  INFO       [2/5] 1521dcb77c62ccd7...
17:09:16  INFO         45/74 erkannt (60.8%) — 🟠 MÄSSIG ERKANNT — 45 Engines
17:09:32  INFO       [3/5] fbab99ce3146d843...
17:09:33  INFO         20/74 erkannt (27.0%) — 🟡 SCHWACH ERKANNT — 20 Engines
17:09:49  INFO       [4/5] aa9a65d4511b85f0...
17:09:49  INFO         8/74 erkannt (10.8%) — 🟡 SCHWACH ERKANNT — 8 Engines
17:10:05  INFO       [5/5] 1a4b2bb9352969a3...  ⭐ WOCHEN
17:10:06  INFO         11/74 erkannt (14.9%) — 🟡 SCHWACH ERKANNT — 11 Engines
17:10:06  INFO     Analysiere 30 neue Samples ...
17:10:06  INFO     seen_hashes.json: 654 Einträge gespeichert.
