19:07:52  INFO     Bekannte SHA256 aus vergangenen 48h: 517
19:07:52  INFO     MalwareBazaar: hole letzte 100 Samples ...
19:07:56  INFO     MB: 100 eindeutige Samples im Batch.
19:07:56  INFO     Wochen-Sample abgelaufen (7d) — rotiere auf neues Sample.
19:07:56  INFO     Neues Wochen-Sample: 368f45e2a86c0e2f… (WannaCry)
19:07:56  INFO     Deduplizierung: 69 bereits bekannte SHA256 übersprungen.
19:07:56  INFO     Neu zu analysieren: 31 Samples.
19:07:56  INFO     VT: 5 Samples anreichern (4 zufällig + 1 Wochen-Sample) ...
19:07:56  INFO       [1/5] d3f8a2e798316d31...
19:07:57  INFO         22/74 erkannt (29.7%) — 🟡 SCHWACH ERKANNT — 22 Engines
19:08:13  INFO       [2/5] 90f59a43308e41fe...
19:08:13  INFO         20/74 erkannt (27.0%) — 🟡 SCHWACH ERKANNT — 20 Engines
19:08:29  INFO       [3/5] bc2ddf63fb0fba2d...
19:08:29  INFO         37/74 erkannt (50.0%) — 🟠 MÄSSIG ERKANNT — 37 Engines
19:08:45  INFO       [4/5] 83850b796647f863...
19:08:45  INFO         33/74 erkannt (44.6%) — 🟠 MÄSSIG ERKANNT — 33 Engines
19:09:01  INFO       [5/5] 368f45e2a86c0e2f...  ⭐ WOCHEN
19:09:03  INFO         59/74 erkannt (79.7%) — ✅ GUT ERKANNT — 59 Engines
19:09:03  INFO     Analysiere 31 neue Samples ...
19:09:03  INFO     seen_hashes.json: 548 Einträge gespeichert.
