20:49:53  INFO     Bekannte SHA256 aus vergangenen 48h: 913
20:49:53  INFO     MalwareBazaar: hole letzte 100 Samples ...
20:50:23  WARNING  POST Versuch 1/3 fehlgeschlagen: HTTPSConnectionPool(host='mb-api.abuse.ch', port=443): Read timed out. (read timeout=30) — warte 1s
20:50:53  INFO     MB: 100 eindeutige Samples im Batch.
20:50:53  INFO     Wochen-Sample: 750e5ac3bb33d7ad… (noch 3d aktiv)
20:50:53  INFO     Deduplizierung: 82 bereits bekannte SHA256 übersprungen.
20:50:53  INFO     Neu zu analysieren: 18 Samples.
20:50:53  INFO     VT: 5 Samples anreichern (4 zufällig + 1 Wochen-Sample) ...
20:50:53  INFO       [1/5] decba410c0c17f48...
20:50:54  INFO         49/75 erkannt (65.3%) — 🟠 MÄSSIG ERKANNT — 49 Engines
20:51:10  INFO       [2/5] 626bd326166a382f...
20:51:10  INFO         40/71 erkannt (56.3%) — 🟠 MÄSSIG ERKANNT — 40 Engines
20:51:26  INFO       [3/5] a41888572af2c2a2...
20:51:26  INFO         7/75 erkannt (9.3%) — ⚠️ KAUM ERKANNT — 7 Engines
20:51:42  INFO       [4/5] 94fc8f2c42dba357...
20:51:43  INFO         28/75 erkannt (37.3%) — 🟡 SCHWACH ERKANNT — 28 Engines
20:51:59  INFO       [5/5] 750e5ac3bb33d7ad...  ⭐ WOCHEN
20:51:59  INFO         47/75 erkannt (62.7%) — 🟠 MÄSSIG ERKANNT — 47 Engines
20:51:59  INFO     Analysiere 18 neue Samples ...
20:51:59  INFO     seen_hashes.json: 931 Einträge gespeichert.
