13:09:12  INFO     Bekannte SHA256 aus vergangenen 48h: 820
13:09:12  INFO     MalwareBazaar: hole letzte 100 Samples ...
13:09:18  INFO     MB: 100 eindeutige Samples im Batch.
13:09:18  INFO     Wochen-Sample abgelaufen (7d) — rotiere auf neues Sample.
13:09:18  INFO     Neues Wochen-Sample: 2762f3e0a56d62e7… (LummaStealer)
13:09:18  INFO     Deduplizierung: 68 bereits bekannte SHA256 übersprungen.
13:09:18  INFO     Neu zu analysieren: 32 Samples.
13:09:18  INFO     VT: 5 Samples anreichern (4 zufällig + 1 Wochen-Sample) ...
13:09:18  INFO       [1/5] 8df1b2fc1ba146c9...
13:09:18  INFO         24/76 erkannt (31.6%) — 🟡 SCHWACH ERKANNT — 24 Engines
13:09:34  INFO       [2/5] 5f320c2c06b5cf0d...
13:09:34  INFO         20/76 erkannt (26.3%) — 🟡 SCHWACH ERKANNT — 20 Engines
13:09:50  INFO       [3/5] 16aca11323d8bb11...
13:09:50  INFO         21/76 erkannt (27.6%) — 🟡 SCHWACH ERKANNT — 21 Engines
13:10:06  INFO       [4/5] bb4b6fbbc3a9fc5a...
13:10:07  WARNING      kein VT-Ergebnis
13:10:23  INFO       [5/5] 2762f3e0a56d62e7...  ⭐ WOCHEN
13:10:23  INFO         10/76 erkannt (13.2%) — 🟡 SCHWACH ERKANNT — 10 Engines
13:10:23  INFO     Analysiere 32 neue Samples ...
13:10:23  INFO     seen_hashes.json: 852 Einträge gespeichert.
