19:08:48  INFO     Bekannte SHA256 aus vergangenen 48h: 797
19:08:48  INFO     MalwareBazaar: hole letzte 100 Samples ...
19:08:53  INFO     MB: 100 eindeutige Samples im Batch.
19:08:53  INFO     Wochen-Sample abgelaufen (7d) — rotiere auf neues Sample.
19:08:53  INFO     Neues Wochen-Sample: 963bc9177e8197dc… (MaskGramStealer)
19:08:53  INFO     Deduplizierung: 41 bereits bekannte SHA256 übersprungen.
19:08:53  INFO     Neu zu analysieren: 59 Samples.
19:08:53  INFO     VT: 5 Samples anreichern (4 zufällig + 1 Wochen-Sample) ...
19:08:53  INFO       [1/5] cd5fb573416d720f...
19:08:54  INFO         8/74 erkannt (10.8%) — 🟡 SCHWACH ERKANNT — 8 Engines
19:09:10  INFO       [2/5] fc4109f5dd1d30b6...
19:09:10  INFO         22/74 erkannt (29.7%) — 🟡 SCHWACH ERKANNT — 22 Engines
19:09:26  INFO       [3/5] 5cdb6a3810a51485...
19:09:26  WARNING      kein VT-Ergebnis
19:09:42  INFO       [4/5] af49d43403a24c6d...
19:09:42  WARNING      kein VT-Ergebnis
19:09:58  INFO       [5/5] 963bc9177e8197dc...  ⭐ WOCHEN
19:09:59  INFO         40/74 erkannt (54.0%) — 🟠 MÄSSIG ERKANNT — 40 Engines
19:09:59  INFO     Analysiere 59 neue Samples ...
19:09:59  INFO     seen_hashes.json: 856 Einträge gespeichert.
