10:54:26  INFO     Bekannte SHA256 aus vergangenen 48h: 641
10:54:26  INFO     MalwareBazaar: hole letzte 100 Samples ...
10:54:57  WARNING  POST Versuch 1/3 fehlgeschlagen: HTTPSConnectionPool(host='mb-api.abuse.ch', port=443): Read timed out. (read timeout=30) — warte 1s
10:55:05  WARNING  POST Versuch 2/3 fehlgeschlagen: 502 Server Error: Bad Gateway for url: https://mb-api.abuse.ch/api/v1/ — warte 2s
10:55:13  INFO     MB: 100 eindeutige Samples im Batch.
10:55:13  INFO     Wochen-Sample: 963bc9177e8197dc… (noch 6d aktiv)
10:55:13  INFO     Neu zu analysieren: 100 Samples.
10:55:13  INFO     VT: 5 Samples anreichern (4 zufällig + 1 Wochen-Sample) ...
10:55:13  INFO       [1/5] fcd0c4676a7b8137...
10:55:14  INFO         12/74 erkannt (16.2%) — 🟡 SCHWACH ERKANNT — 12 Engines
10:55:30  INFO       [2/5] 7517bfe35a6dce8b...
10:55:30  INFO         0/74 erkannt (0.0%) — ⚠️ KAUM ERKANNT — 0 Engines
10:55:46  INFO       [3/5] 865884c27b7ee53c...
10:55:47  INFO         32/74 erkannt (43.2%) — 🟠 MÄSSIG ERKANNT — 32 Engines
10:56:03  INFO       [4/5] 3491d7703b8b7932...
10:56:03  WARNING      kein VT-Ergebnis
10:56:19  INFO       [5/5] 963bc9177e8197dc...  ⭐ WOCHEN
10:56:19  INFO         48/74 erkannt (64.9%) — 🟠 MÄSSIG ERKANNT — 48 Engines
10:56:19  INFO     Analysiere 100 neue Samples ...
10:56:19  INFO     seen_hashes.json: 741 Einträge gespeichert.
