13:02:05  INFO     Bekannte SHA256 aus vergangenen 48h: 697
13:02:05  INFO     MalwareBazaar: hole letzte 100 Samples ...
13:02:11  INFO     MB: 100 eindeutige Samples im Batch.
13:02:11  INFO     Wochen-Sample abgelaufen (7d) — rotiere auf neues Sample.
13:02:11  INFO     Neues Wochen-Sample: 750e5ac3bb33d7ad… (SalatStealer)
13:02:11  INFO     Deduplizierung: 95 bereits bekannte SHA256 übersprungen.
13:02:11  INFO     Neu zu analysieren: 5 Samples.
13:02:11  INFO     VT: 5 Samples anreichern (4 zufällig + 1 Wochen-Sample) ...
13:02:11  INFO       [1/5] 72220c720a75cdca...
13:02:12  INFO         36/75 erkannt (48.0%) — 🟠 MÄSSIG ERKANNT — 36 Engines
13:02:28  INFO       [2/5] c2fdfce419267542...
13:02:28  INFO         33/75 erkannt (44.0%) — 🟠 MÄSSIG ERKANNT — 33 Engines
13:02:44  INFO       [3/5] 14b499c006fd4d56...
13:02:44  INFO         12/75 erkannt (16.0%) — 🟡 SCHWACH ERKANNT — 12 Engines
13:03:00  INFO       [4/5] 4a1b4250bf291020...
13:03:01  INFO         11/75 erkannt (14.7%) — 🟡 SCHWACH ERKANNT — 11 Engines
13:03:17  INFO       [5/5] 750e5ac3bb33d7ad...  ⭐ WOCHEN
13:03:17  INFO         45/75 erkannt (60.0%) — 🟠 MÄSSIG ERKANNT — 45 Engines
13:03:17  INFO     Analysiere 5 neue Samples ...
13:03:17  INFO     seen_hashes.json: 702 Einträge gespeichert.
