19:21:46  INFO     Bekannte SHA256 aus vergangenen 48h: 790
19:21:46  INFO     MalwareBazaar: hole letzte 100 Samples ...
19:22:16  WARNING  POST Versuch 1/3 fehlgeschlagen: HTTPSConnectionPool(host='mb-api.abuse.ch', port=443): Read timed out. (read timeout=30) — warte 1s
19:22:47  INFO     MB: 100 eindeutige Samples im Batch.
19:22:47  INFO     Wochen-Sample: 5ea579e8fa695b23… (noch 3d aktiv)
19:22:47  INFO     Deduplizierung: 66 bereits bekannte SHA256 übersprungen.
19:22:47  INFO     Neu zu analysieren: 34 Samples.
19:22:47  INFO     VT: 5 Samples anreichern (4 zufällig + 1 Wochen-Sample) ...
19:22:47  INFO       [1/5] 616171dbe37f615c...
19:22:48  INFO         16/76 erkannt (21.1%) — 🟡 SCHWACH ERKANNT — 16 Engines
19:23:04  INFO       [2/5] 0a2c926442601cdd...
19:23:04  INFO         16/76 erkannt (21.1%) — 🟡 SCHWACH ERKANNT — 16 Engines
19:23:20  INFO       [3/5] 9766b48c68fcd4bf...
19:23:21  INFO         13/76 erkannt (17.1%) — 🟡 SCHWACH ERKANNT — 13 Engines
19:23:37  INFO       [4/5] e2f116aec33ad3ba...
19:23:37  INFO         39/76 erkannt (51.3%) — 🟠 MÄSSIG ERKANNT — 39 Engines
19:23:53  INFO       [5/5] 5ea579e8fa695b23...  ⭐ WOCHEN
19:23:55  INFO         47/76 erkannt (61.8%) — 🟠 MÄSSIG ERKANNT — 47 Engines
19:23:55  INFO     Analysiere 34 neue Samples ...
19:23:55  INFO     seen_hashes.json: 824 Einträge gespeichert.
