15:10:42  INFO     Bekannte SHA256 aus vergangenen 48h: 679
15:10:42  INFO     MalwareBazaar: hole letzte 100 Samples ...
15:10:42  WARNING  POST Versuch 1/3 fehlgeschlagen: 502 Server Error: Bad Gateway for url: https://mb-api.abuse.ch/api/v1/ — warte 1s
15:10:46  INFO     MB: 100 eindeutige Samples im Batch.
15:10:46  INFO     Wochen-Sample: 4903fbe3e8ee4bc4… (noch 7d aktiv)
15:10:46  INFO     Deduplizierung: 93 bereits bekannte SHA256 übersprungen.
15:10:46  INFO     Neu zu analysieren: 7 Samples.
15:10:46  INFO     VT: 5 Samples anreichern (4 zufällig + 1 Wochen-Sample) ...
15:10:46  INFO       [1/5] f1e2c289c0a43650...
15:10:47  INFO         18/75 erkannt (24.0%) — 🟡 SCHWACH ERKANNT — 18 Engines
15:11:03  INFO       [2/5] 1826336c3ce1ae72...
15:11:03  INFO         16/75 erkannt (21.3%) — 🟡 SCHWACH ERKANNT — 16 Engines
15:11:19  INFO       [3/5] 1b03b3c0e2929e14...
15:11:20  INFO         20/74 erkannt (27.0%) — 🟡 SCHWACH ERKANNT — 20 Engines
15:11:36  INFO       [4/5] fd1fefbab3a47835...
15:11:36  WARNING      kein VT-Ergebnis
15:11:52  INFO       [5/5] 4903fbe3e8ee4bc4...  ⭐ WOCHEN
15:11:52  INFO         39/75 erkannt (52.0%) — 🟠 MÄSSIG ERKANNT — 39 Engines
15:11:52  INFO     Analysiere 7 neue Samples ...
15:11:52  INFO     seen_hashes.json: 686 Einträge gespeichert.
