13:23:41  INFO     Bekannte SHA256 aus vergangenen 48h: 594
13:23:41  INFO     MalwareBazaar: hole letzte 100 Samples ...
13:23:45  INFO     MB: 100 eindeutige Samples im Batch.
13:23:45  INFO     Wochen-Sample abgelaufen (7d) — rotiere auf neues Sample.
13:23:45  INFO     Neues Wochen-Sample: 462da039980a8f16… (NanoCore)
13:23:45  INFO     Deduplizierung: 28 bereits bekannte SHA256 übersprungen.
13:23:45  INFO     Neu zu analysieren: 72 Samples.
13:23:45  INFO     VT: 5 Samples anreichern (4 zufällig + 1 Wochen-Sample) ...
13:23:45  INFO       [1/5] 8517dd223395537a...
13:23:46  INFO         18/75 erkannt (24.0%) — 🟡 SCHWACH ERKANNT — 18 Engines
13:24:02  INFO       [2/5] ba179aaf217f0a98...
13:24:02  WARNING      kein VT-Ergebnis
13:24:18  INFO       [3/5] f62cfeb4b3a2d4e5...
13:24:18  WARNING      kein VT-Ergebnis
13:24:34  INFO       [4/5] b4515bf64db1f69b...
13:24:35  INFO         21/75 erkannt (28.0%) — 🟡 SCHWACH ERKANNT — 21 Engines
13:24:51  INFO       [5/5] 462da039980a8f16...  ⭐ WOCHEN
13:24:51  INFO         46/75 erkannt (61.3%) — 🟠 MÄSSIG ERKANNT — 46 Engines
13:24:51  INFO     Analysiere 72 neue Samples ...
13:24:51  INFO     seen_hashes.json: 666 Einträge gespeichert.
