14:48:51  INFO     Bekannte SHA256 aus vergangenen 48h: 775
14:48:51  INFO     MalwareBazaar: hole letzte 100 Samples ...
14:49:21  WARNING  POST Versuch 1/3 fehlgeschlagen: HTTPSConnectionPool(host='mb-api.abuse.ch', port=443): Read timed out. (read timeout=30) — warte 1s
14:49:40  INFO     MB: 100 eindeutige Samples im Batch.
14:49:40  INFO     Wochen-Sample: a04fca73e95829e4… (noch 6d aktiv)
14:49:40  INFO     Deduplizierung: 69 bereits bekannte SHA256 übersprungen.
14:49:40  INFO     Neu zu analysieren: 31 Samples.
14:49:40  INFO     VT: 5 Samples anreichern (4 zufällig + 1 Wochen-Sample) ...
14:49:40  INFO       [1/5] dc6db551dd302268...
14:49:40  INFO         24/75 erkannt (32.0%) — 🟡 SCHWACH ERKANNT — 24 Engines
14:49:56  INFO       [2/5] 81e941f34934d6a0...
14:49:56  INFO         19/76 erkannt (25.0%) — 🟡 SCHWACH ERKANNT — 19 Engines
14:50:12  INFO       [3/5] a8d7abaa6b9d9539...
14:50:13  INFO         17/75 erkannt (22.7%) — 🟡 SCHWACH ERKANNT — 17 Engines
14:50:29  INFO       [4/5] f4dd308afa59f568...
14:50:29  INFO         11/75 erkannt (14.7%) — 🟡 SCHWACH ERKANNT — 11 Engines
14:50:45  INFO       [5/5] a04fca73e95829e4...  ⭐ WOCHEN
14:50:45  INFO         50/75 erkannt (66.7%) — 🟠 MÄSSIG ERKANNT — 50 Engines
14:50:45  INFO     Analysiere 31 neue Samples ...
14:50:45  INFO     seen_hashes.json: 806 Einträge gespeichert.
