13:42:02  INFO     Bekannte SHA256 aus vergangenen 48h: 703
13:42:02  INFO     MalwareBazaar: hole letzte 100 Samples ...
13:42:06  INFO     MB: 100 eindeutige Samples im Batch.
13:42:06  INFO     Wochen-Sample abgelaufen (7d) — rotiere auf neues Sample.
13:42:06  INFO     Neues Wochen-Sample: 5e0e2876b259ae4c… (Formbook)
13:42:06  INFO     Deduplizierung: 57 bereits bekannte SHA256 übersprungen.
13:42:06  INFO     Neu zu analysieren: 43 Samples.
13:42:06  INFO     VT: 5 Samples anreichern (4 zufällig + 1 Wochen-Sample) ...
13:42:06  INFO       [1/5] e7e1cd1dd37c99c5...
13:42:07  INFO         30/75 erkannt (40.0%) — 🟠 MÄSSIG ERKANNT — 30 Engines
13:42:23  INFO       [2/5] 021fa8166e57403b...
13:42:23  INFO         42/75 erkannt (56.0%) — 🟠 MÄSSIG ERKANNT — 42 Engines
13:42:39  INFO       [3/5] b81e84454bf9503e...
13:42:39  INFO         15/75 erkannt (20.0%) — 🟡 SCHWACH ERKANNT — 15 Engines
13:42:55  INFO       [4/5] 534b03fbbb605432...
13:42:56  INFO         26/75 erkannt (34.7%) — 🟡 SCHWACH ERKANNT — 26 Engines
13:43:12  INFO       [5/5] 5e0e2876b259ae4c...  ⭐ WOCHEN
13:43:12  INFO         42/75 erkannt (56.0%) — 🟠 MÄSSIG ERKANNT — 42 Engines
13:43:12  INFO     Analysiere 43 neue Samples ...
13:43:12  INFO     seen_hashes.json: 746 Einträge gespeichert.
