13:05:07  INFO     Bekannte SHA256 aus vergangenen 48h: 535
13:05:07  INFO     MalwareBazaar: hole letzte 100 Samples ...
13:05:13  INFO     MB: 100 eindeutige Samples im Batch.
13:05:13  INFO     Wochen-Sample abgelaufen (7d) — rotiere auf neues Sample.
13:05:13  INFO     Neues Wochen-Sample: 1be6a8d35632d570… (DiscordRAT)
13:05:13  INFO     Deduplizierung: 32 bereits bekannte SHA256 übersprungen.
13:05:13  INFO     Neu zu analysieren: 68 Samples.
13:05:13  INFO     VT: 5 Samples anreichern (4 zufällig + 1 Wochen-Sample) ...
13:05:13  INFO       [1/5] d4c0ad704d63fb6a...
13:05:14  INFO         11/76 erkannt (14.5%) — 🟡 SCHWACH ERKANNT — 11 Engines
13:05:30  INFO       [2/5] 0041d4ca26c4ad65...
13:05:30  INFO         42/76 erkannt (55.3%) — 🟠 MÄSSIG ERKANNT — 42 Engines
13:05:46  INFO       [3/5] 9e714ba3e2f8fe05...
13:05:47  INFO         24/76 erkannt (31.6%) — 🟡 SCHWACH ERKANNT — 24 Engines
13:06:03  INFO       [4/5] f5d7a1d938d5c1e2...
13:06:03  INFO         54/76 erkannt (71.0%) — ✅ GUT ERKANNT — 54 Engines
13:06:19  INFO       [5/5] 1be6a8d35632d570...  ⭐ WOCHEN
13:06:19  INFO         51/76 erkannt (67.1%) — 🟠 MÄSSIG ERKANNT — 51 Engines
13:06:19  INFO     Analysiere 68 neue Samples ...
13:06:19  INFO     seen_hashes.json: 603 Einträge gespeichert.
