13:11:46  INFO     Bekannte SHA256 aus vergangenen 48h: 870
13:11:46  INFO     MalwareBazaar: hole letzte 100 Samples ...
13:11:52  INFO     MB: 100 eindeutige Samples im Batch.
13:11:52  INFO     Wochen-Sample abgelaufen (7d) — rotiere auf neues Sample.
13:11:52  INFO     Neues Wochen-Sample: a04fca73e95829e4… (CoinMiner)
13:11:52  INFO     Deduplizierung: 58 bereits bekannte SHA256 übersprungen.
13:11:52  INFO     Neu zu analysieren: 42 Samples.
13:11:52  INFO     VT: 5 Samples anreichern (4 zufällig + 1 Wochen-Sample) ...
13:11:52  INFO       [1/5] 560ee8338b00324e...
13:11:52  WARNING      kein VT-Ergebnis
13:12:08  INFO       [2/5] a2f88acc3bd4d3d6...
13:12:09  INFO         6/75 erkannt (8.0%) — ⚠️ KAUM ERKANNT — 6 Engines
13:12:25  INFO       [3/5] 8b2a7bc04e4bda64...
13:12:25  INFO         40/75 erkannt (53.3%) — 🟠 MÄSSIG ERKANNT — 40 Engines
13:12:41  INFO       [4/5] 8ed623e9880f5b91...
13:12:41  INFO         3/75 erkannt (4.0%) — ⚠️ KAUM ERKANNT — 3 Engines
13:12:57  INFO       [5/5] a04fca73e95829e4...  ⭐ WOCHEN
13:12:57  INFO         47/75 erkannt (62.7%) — 🟠 MÄSSIG ERKANNT — 47 Engines
13:12:57  INFO     Analysiere 42 neue Samples ...
13:12:57  INFO     seen_hashes.json: 912 Einträge gespeichert.
