13:49:33  INFO     Bekannte SHA256 aus vergangenen 48h: 674
13:49:33  INFO     MalwareBazaar: hole letzte 100 Samples ...
13:49:37  INFO     MB: 100 eindeutige Samples im Batch.
13:49:37  INFO     Wochen-Sample abgelaufen (7d) — rotiere auf neues Sample.
13:49:37  INFO     Neues Wochen-Sample: 12f8eda608964b04… (Snojan)
13:49:37  INFO     Deduplizierung: 14 bereits bekannte SHA256 übersprungen.
13:49:37  INFO     Neu zu analysieren: 86 Samples.
13:49:37  INFO     VT: 5 Samples anreichern (4 zufällig + 1 Wochen-Sample) ...
13:49:37  INFO       [1/5] 72cbd060adfa93f1...
13:49:37  INFO         64/75 erkannt (85.3%) — ✅ GUT ERKANNT — 64 Engines
13:49:53  INFO       [2/5] b180f642f9b2911b...
13:49:53  INFO         60/75 erkannt (80.0%) — ✅ GUT ERKANNT — 60 Engines
13:50:09  INFO       [3/5] a40ee671804e172b...
13:50:10  INFO         61/75 erkannt (81.3%) — ✅ GUT ERKANNT — 61 Engines
13:50:26  INFO       [4/5] b0ac39fa33187205...
13:50:26  INFO         62/75 erkannt (82.7%) — ✅ GUT ERKANNT — 62 Engines
13:50:42  INFO       [5/5] 12f8eda608964b04...  ⭐ WOCHEN
13:50:42  INFO         56/75 erkannt (74.7%) — ✅ GUT ERKANNT — 56 Engines
13:50:42  INFO     Analysiere 86 neue Samples ...
13:50:42  INFO     seen_hashes.json: 760 Einträge gespeichert.
