19:24:30  INFO     Bekannte SHA256 aus vergangenen 48h: 761
19:24:30  INFO     MalwareBazaar: hole letzte 100 Samples ...
19:24:30  WARNING  POST Versuch 1/3 fehlgeschlagen: 502 Server Error: Bad Gateway for url: https://mb-api.abuse.ch/api/v1/ — warte 1s
19:24:34  INFO     MB: 100 eindeutige Samples im Batch.
19:24:34  INFO     Wochen-Sample: 963bc9177e8197dc… (noch 3d aktiv)
19:24:34  INFO     Deduplizierung: 72 bereits bekannte SHA256 übersprungen.
19:24:34  INFO     Neu zu analysieren: 28 Samples.
19:24:34  INFO     VT: 5 Samples anreichern (4 zufällig + 1 Wochen-Sample) ...
19:24:34  INFO       [1/5] 1859dec6d71240c2...
19:24:35  INFO         26/74 erkannt (35.1%) — 🟡 SCHWACH ERKANNT — 26 Engines
19:24:51  INFO       [2/5] c954447ecf2b7e88...
19:24:51  INFO         50/74 erkannt (67.6%) — 🟠 MÄSSIG ERKANNT — 50 Engines
19:25:07  INFO       [3/5] f8f253076085d03b...
19:25:07  INFO         39/74 erkannt (52.7%) — 🟠 MÄSSIG ERKANNT — 39 Engines
19:25:23  INFO       [4/5] 4c3745e2987bbfff...
19:25:24  WARNING      kein VT-Ergebnis
19:25:40  INFO       [5/5] 963bc9177e8197dc...  ⭐ WOCHEN
19:25:40  INFO         48/74 erkannt (64.9%) — 🟠 MÄSSIG ERKANNT — 48 Engines
19:25:40  INFO     Analysiere 28 neue Samples ...
19:25:40  INFO     seen_hashes.json: 789 Einträge gespeichert.
