02:52:48  INFO     Bekannte SHA256 aus vergangenen 48h: 748
02:52:48  INFO     MalwareBazaar: hole letzte 100 Samples ...
02:52:48  WARNING  POST Versuch 1/3 fehlgeschlagen: 502 Server Error: Bad Gateway for url: https://mb-api.abuse.ch/api/v1/ — warte 1s
02:52:53  INFO     MB: 100 eindeutige Samples im Batch.
02:52:53  INFO     Wochen-Sample: 963bc9177e8197dc… (noch 5d aktiv)
02:52:53  INFO     Deduplizierung: 60 bereits bekannte SHA256 übersprungen.
02:52:53  INFO     Neu zu analysieren: 40 Samples.
02:52:53  INFO     VT: 5 Samples anreichern (4 zufällig + 1 Wochen-Sample) ...
02:52:53  INFO       [1/5] f9b929cf16581d82...
02:52:53  INFO         16/74 erkannt (21.6%) — 🟡 SCHWACH ERKANNT — 16 Engines
02:53:09  INFO       [2/5] 6497eed5be632771...
02:53:09  INFO         41/74 erkannt (55.4%) — 🟠 MÄSSIG ERKANNT — 41 Engines
02:53:25  INFO       [3/5] 748f3c2705750d77...
02:53:26  WARNING      kein VT-Ergebnis
02:53:42  INFO       [4/5] 44f4620c1f239c8a...
02:53:42  WARNING      kein VT-Ergebnis
02:53:58  INFO       [5/5] 963bc9177e8197dc...  ⭐ WOCHEN
02:53:59  INFO         48/74 erkannt (64.9%) — 🟠 MÄSSIG ERKANNT — 48 Engines
02:53:59  INFO     Analysiere 40 neue Samples ...
02:53:59  INFO     seen_hashes.json: 788 Einträge gespeichert.
