13:38:15  INFO     Bekannte SHA256 aus vergangenen 48h: 613
13:38:15  INFO     MalwareBazaar: hole letzte 100 Samples ...
13:38:18  INFO     MB: 100 eindeutige Samples im Batch.
13:38:18  INFO     Wochen-Sample abgelaufen (7d) — rotiere auf neues Sample.
13:38:18  INFO     Neues Wochen-Sample: 6b9364c8bc9031d5… (ValleyRAT)
13:38:18  INFO     Deduplizierung: 83 bereits bekannte SHA256 übersprungen.
13:38:18  INFO     Neu zu analysieren: 17 Samples.
13:38:18  INFO     VT: 5 Samples anreichern (4 zufällig + 1 Wochen-Sample) ...
13:38:18  INFO       [1/5] ae5276856f9418af...
13:38:19  INFO         13/75 erkannt (17.3%) — 🟡 SCHWACH ERKANNT — 13 Engines
13:38:35  INFO       [2/5] 9f1a0abe34f705a2...
13:38:35  INFO         8/75 erkannt (10.7%) — 🟡 SCHWACH ERKANNT — 8 Engines
13:38:51  INFO       [3/5] 1ae2723b6efd4a21...
13:38:51  INFO         9/75 erkannt (12.0%) — 🟡 SCHWACH ERKANNT — 9 Engines
13:39:07  INFO       [4/5] 76cf4a5143d4e4d7...
13:39:07  WARNING      kein VT-Ergebnis
13:39:23  INFO       [5/5] 6b9364c8bc9031d5...  ⭐ WOCHEN
13:39:24  INFO         47/75 erkannt (62.7%) — 🟠 MÄSSIG ERKANNT — 47 Engines
13:39:24  INFO     Analysiere 17 neue Samples ...
13:39:24  INFO     seen_hashes.json: 630 Einträge gespeichert.
