13:44:53  INFO     Bekannte SHA256 aus vergangenen 48h: 750
13:44:53  INFO     MalwareBazaar: hole letzte 100 Samples ...
13:44:56  INFO     MB: 100 eindeutige Samples im Batch.
13:44:56  INFO     Wochen-Sample abgelaufen (7d) — rotiere auf neues Sample.
13:44:56  INFO     Neues Wochen-Sample: 4903fbe3e8ee4bc4… (MassLogger)
13:44:56  INFO     Deduplizierung: 71 bereits bekannte SHA256 übersprungen.
13:44:56  INFO     Neu zu analysieren: 29 Samples.
13:44:56  INFO     VT: 5 Samples anreichern (4 zufällig + 1 Wochen-Sample) ...
13:44:56  INFO       [1/5] 362e0e704d37e134...
13:44:57  INFO         16/75 erkannt (21.3%) — 🟡 SCHWACH ERKANNT — 16 Engines
13:45:13  INFO       [2/5] b25744831043863f...
13:45:13  WARNING      kein VT-Ergebnis
13:45:29  INFO       [3/5] 9a8ba947c65d282d...
13:45:29  WARNING      kein VT-Ergebnis
13:45:45  INFO       [4/5] b8fd1a408bdac1f0...
13:45:46  INFO         26/75 erkannt (34.7%) — 🟡 SCHWACH ERKANNT — 26 Engines
13:46:02  INFO       [5/5] 4903fbe3e8ee4bc4...  ⭐ WOCHEN
13:46:02  INFO         39/75 erkannt (52.0%) — 🟠 MÄSSIG ERKANNT — 39 Engines
13:46:02  INFO     Analysiere 29 neue Samples ...
13:46:02  INFO     seen_hashes.json: 779 Einträge gespeichert.
