14:05:35  INFO     Bekannte SHA256 aus vergangenen 48h: 560
14:05:35  INFO     MalwareBazaar: hole letzte 100 Samples ...
14:05:39  INFO     MB: 100 eindeutige Samples im Batch.
14:05:39  INFO     Wochen-Sample abgelaufen (7d) — rotiere auf neues Sample.
14:05:39  INFO     Neues Wochen-Sample: 4080b7ee2043d257… (ConnectWise)
14:05:39  INFO     Deduplizierung: 86 bereits bekannte SHA256 übersprungen.
14:05:39  INFO     Neu zu analysieren: 14 Samples.
14:05:39  INFO     VT: 5 Samples anreichern (4 zufällig + 1 Wochen-Sample) ...
14:05:39  INFO       [1/5] 90a47a2872a29901...
14:05:39  INFO         41/75 erkannt (54.7%) — 🟠 MÄSSIG ERKANNT — 41 Engines
14:05:55  INFO       [2/5] 2ab599e55dff842f...
14:05:56  INFO         18/75 erkannt (24.0%) — 🟡 SCHWACH ERKANNT — 18 Engines
14:06:12  INFO       [3/5] 226cd36c2d1f0026...
14:06:12  INFO         2/75 erkannt (2.7%) — ⚠️ KAUM ERKANNT — 2 Engines
14:06:28  INFO       [4/5] 0e9094f2e1d41178...
14:06:28  INFO         16/75 erkannt (21.3%) — 🟡 SCHWACH ERKANNT — 16 Engines
14:06:44  INFO       [5/5] 4080b7ee2043d257...  ⭐ WOCHEN
14:06:44  INFO         9/75 erkannt (12.0%) — 🟡 SCHWACH ERKANNT — 9 Engines
14:06:44  INFO     Analysiere 14 neue Samples ...
14:06:44  INFO     seen_hashes.json: 574 Einträge gespeichert.
