14:09:53  INFO     Bekannte SHA256 aus vergangenen 48h: 662
14:09:53  INFO     MalwareBazaar: hole letzte 100 Samples ...
14:10:23  WARNING  POST Versuch 1/3 fehlgeschlagen: HTTPSConnectionPool(host='mb-api.abuse.ch', port=443): Read timed out. (read timeout=30) — warte 1s
14:10:54  WARNING  POST Versuch 2/3 fehlgeschlagen: HTTPSConnectionPool(host='mb-api.abuse.ch', port=443): Read timed out. (read timeout=30) — warte 2s
14:11:14  INFO     MB: 100 eindeutige Samples im Batch.
14:11:14  INFO     Wochen-Sample abgelaufen (7d) — rotiere auf neues Sample.
14:11:14  INFO     Neues Wochen-Sample: e8c84a2113167292… (njrat)
14:11:14  INFO     Deduplizierung: 29 bereits bekannte SHA256 übersprungen.
14:11:14  INFO     Neu zu analysieren: 71 Samples.
14:11:14  INFO     VT: 5 Samples anreichern (4 zufällig + 1 Wochen-Sample) ...
14:11:14  INFO       [1/5] 89a9dfb74bf31b40...
14:11:14  INFO         42/74 erkannt (56.8%) — 🟠 MÄSSIG ERKANNT — 42 Engines
14:11:30  INFO       [2/5] b4d45c2019de6004...
14:11:31  INFO         42/74 erkannt (56.8%) — 🟠 MÄSSIG ERKANNT — 42 Engines
14:11:47  INFO       [3/5] da6dec4baeadb44b...
14:11:47  INFO         18/74 erkannt (24.3%) — 🟡 SCHWACH ERKANNT — 18 Engines
14:12:03  INFO       [4/5] ed32368823c139fa...
14:12:04  INFO         42/74 erkannt (56.8%) — 🟠 MÄSSIG ERKANNT — 42 Engines
14:12:20  INFO       [5/5] e8c84a2113167292...  ⭐ WOCHEN
14:12:20  INFO         46/74 erkannt (62.2%) — 🟠 MÄSSIG ERKANNT — 46 Engines
14:12:20  INFO     Analysiere 71 neue Samples ...
14:12:20  INFO     seen_hashes.json: 733 Einträge gespeichert.
